<?xml version="1.0" encoding="utf-8"?><testsuites name="pytest tests"><testsuite name="pytest" errors="0" failures="1" skipped="0" tests="28" time="25.014" timestamp="2026-02-12T19:11:57.680582+00:00" hostname="agent-env-bb5a1c6f-0853-4582-8aa2-7084233837d7"><testcase classname="backend.tests.test_api.TestHealthAndPublicEndpoints" name="test_api_root" time="0.500" /><testcase classname="backend.tests.test_api.TestHealthAndPublicEndpoints" name="test_weather_api" time="0.625" /><testcase classname="backend.tests.test_api.TestHealthAndPublicEndpoints" name="test_beaches_list" time="0.491" /><testcase classname="backend.tests.test_api.TestHealthAndPublicEndpoints" name="test_restaurants_list" time="0.462" /><testcase classname="backend.tests.test_api.TestHealthAndPublicEndpoints" name="test_experiences_list" time="0.468" /><testcase classname="backend.tests.test_api.TestHealthAndPublicEndpoints" name="test_rentals_list" time="0.465" /><testcase classname="backend.tests.test_api.TestHealthAndPublicEndpoints" name="test_nightlife_events" time="0.687" /><testcase classname="backend.tests.test_api.TestHealthAndPublicEndpoints" name="test_map_info" time="0.462" /><testcase classname="backend.tests.test_api.TestHealthAndPublicEndpoints" name="test_transports" time="0.362" /><testcase classname="backend.tests.test_api.TestHealthAndPublicEndpoints" name="test_troubleshooting" time="0.476" /><testcase classname="backend.tests.test_api.TestHealthAndPublicEndpoints" name="test_property_by_slug" time="0.385" /><testcase classname="backend.tests.test_api.TestAdminAuth" name="test_admin_login_success" time="0.718" /><testcase classname="backend.tests.test_api.TestAdminAuth" name="test_admin_login_invalid_credentials" time="0.456" /><testcase classname="backend.tests.test_api.TestAdminAuth" name="test_admin_me_endpoint" time="0.969" /><testcase classname="backend.tests.test_api.TestBookingForms" name="test_rental_booking_submission" time="1.518" /><testcase classname="backend.tests.test_api.TestBookingForms" name="test_support_ticket_submission" time="0.586" /><testcase classname="backend.tests.test_api.TestBookingForms" name="test_restaurant_booking_submission" time="1.066" /><testcase classname="backend.tests.test_api.TestBookingForms" name="test_experience_booking_submission" time="1.813" /><testcase classname="backend.tests.test_api.TestGuestLinks" name="test_create_guest_link" time="1.386" /><testcase classname="backend.tests.test_api.TestGuestLinks" name="test_validate_guest_token" time="1.945"><failure message="assert False == True">backend/tests/test_api.py:332: in test_validate_guest_token
    assert data["valid"] == True
E   assert False == True</failure></testcase><testcase classname="backend.tests.test_api.TestGuestLinks" name="test_invalid_token" time="0.375" /><testcase classname="backend.tests.test_api.TestAdminDashboard" name="test_get_all_requests" time="1.479" /><testcase classname="backend.tests.test_api.TestAdminDashboard" name="test_get_guest_bookings" time="1.064" /><testcase classname="backend.tests.test_api.TestAdminDashboard" name="test_get_properties" time="1.067" /><testcase classname="backend.tests.test_api.TestAdminCRUD" name="test_create_beach" time="1.373" /><testcase classname="backend.tests.test_api.TestAdminCRUD" name="test_create_restaurant" time="1.426" /><testcase classname="backend.tests.test_api.TestAdminCRUD" name="test_create_experience" time="1.259" /><testcase classname="backend.tests.test_api.TestAdminCRUD" name="test_create_rental" time="1.019" /></testsuite></testsuites>