<?xml version="1.0" encoding="utf-8"?><testsuites name="pytest tests"><testsuite name="pytest" errors="0" failures="0" skipped="0" tests="12" time="10.149" timestamp="2026-02-12T21:33:16.383887+00:00" hostname="agent-env-bb5a1c6f-0853-4582-8aa2-7084233837d7"><testcase classname="backend.tests.test_new_features.TestWeatherAPI" name="test_basic_weather" time="0.598" /><testcase classname="backend.tests.test_new_features.TestWeatherAPI" name="test_detailed_weather" time="0.447" /><testcase classname="backend.tests.test_new_features.TestNightlifeAPI" name="test_get_nightlife_events" time="0.465" /><testcase classname="backend.tests.test_new_features.TestNightlifeAPI" name="test_get_single_nightlife_event" time="0.808" /><testcase classname="backend.tests.test_new_features.TestNightlifeAPI" name="test_create_nightlife_booking" time="1.082" /><testcase classname="backend.tests.test_new_features.TestPropertyAPI" name="test_get_property_by_slug" time="0.455" /><testcase classname="backend.tests.test_new_features.TestPropertyAPI" name="test_get_nonexistent_property" time="0.788" /><testcase classname="backend.tests.test_new_features.TestPropertyAPI" name="test_get_property_casa_bella" time="0.780" /><testcase classname="backend.tests.test_new_features.TestAdminAPI" name="test_admin_login" time="0.704" /><testcase classname="backend.tests.test_new_features.TestAdminAPI" name="test_admin_get_properties" time="1.150" /><testcase classname="backend.tests.test_new_features.TestAdminAPI" name="test_admin_get_all_requests" time="0.950" /><testcase classname="backend.tests.test_new_features.TestGuestBookingAPI" name="test_valid_booking_token" time="1.813" /></testsuite></testsuites>