<?xml version="1.0" encoding="utf-8"?><testsuites name="pytest tests"><testsuite name="pytest" errors="0" failures="0" skipped="0" tests="16" time="11.802" timestamp="2026-02-12T23:52:44.027401+00:00" hostname="agent-env-bb5a1c6f-0853-4582-8aa2-7084233837d7"><testcase classname="backend.tests.test_iteration5.TestAdminLogin" name="test_admin_login_success" time="1.018" /><testcase classname="backend.tests.test_iteration5.TestAdminLogin" name="test_admin_login_invalid_credentials" time="1.004" /><testcase classname="backend.tests.test_iteration5.TestPropertiesDropdown" name="test_get_properties_returns_both" time="1.153" /><testcase classname="backend.tests.test_iteration5.TestMappeInfo" name="test_get_map_info_count" time="0.670" /><testcase classname="backend.tests.test_iteration5.TestMappeInfo" name="test_map_info_categories" time="0.463" /><testcase classname="backend.tests.test_iteration5.TestMappeInfo" name="test_map_info_structure" time="0.456" /><testcase classname="backend.tests.test_iteration5.TestRentalsAndPricing" name="test_get_rentals" time="0.349" /><testcase classname="backend.tests.test_iteration5.TestRentalsAndPricing" name="test_kit_spiaggia_price" time="0.367" /><testcase classname="backend.tests.test_iteration5.TestRentalsAndPricing" name="test_rental_availability_api" time="1.017" /><testcase classname="backend.tests.test_iteration5.TestRestaurantTimeSlots" name="test_get_restaurants" time="0.465" /><testcase classname="backend.tests.test_iteration5.TestRestaurantTimeSlots" name="test_restaurant_time_slots_api" time="0.707" /><testcase classname="backend.tests.test_iteration5.TestGuestBookingCreation" name="test_create_guest_booking" time="2.210" /><testcase classname="backend.tests.test_iteration5.TestPropertyEditor" name="test_property_has_all_fields" time="0.353" /><testcase classname="backend.tests.test_iteration5.TestPublicAPIs" name="test_beaches_api" time="0.483" /><testcase classname="backend.tests.test_iteration5.TestPublicAPIs" name="test_experiences_api" time="0.664" /><testcase classname="backend.tests.test_iteration5.TestPublicAPIs" name="test_nightlife_events_api" time="0.345" /></testsuite></testsuites>