<?xml version="1.0" encoding="utf-8"?><testsuites name="pytest tests"><testsuite name="pytest" errors="0" failures="0" skipped="0" tests="16" time="13.076" timestamp="2026-02-13T00:16:47.183162+00:00" hostname="agent-env-e71ca2bb-7f9d-4c75-89b2-45ce09d3425e"><testcase classname="backend.tests.test_iteration6.TestAuth" name="test_admin_login" time="1.047" /><testcase classname="backend.tests.test_iteration6.TestPropertyDropdown" name="test_properties_returns_both_casa_brezza_and_casa_bella" time="1.029" /><testcase classname="backend.tests.test_iteration6.TestStatusChangeAPI" name="test_all_requests_endpoint" time="1.030" /><testcase classname="backend.tests.test_iteration6.TestStatusChangeAPI" name="test_status_update_rental_collection" time="0.936" /><testcase classname="backend.tests.test_iteration6.TestStatusChangeAPI" name="test_status_update_beach_collection" time="0.360" /><testcase classname="backend.tests.test_iteration6.TestStatusChangeAPI" name="test_status_update_extra_services" time="0.450" /><testcase classname="backend.tests.test_iteration6.TestStatusChangeAPI" name="test_status_update_invalid_collection" time="0.665" /><testcase classname="backend.tests.test_iteration6.TestExtraServices" name="test_property_has_extra_services_field" time="1.049" /><testcase classname="backend.tests.test_iteration6.TestExtraServices" name="test_extra_services_public_endpoint" time="0.356" /><testcase classname="backend.tests.test_iteration6.TestAdminTabsData" name="test_beaches_tab_data" time="0.346" /><testcase classname="backend.tests.test_iteration6.TestAdminTabsData" name="test_restaurants_tab_data" time="0.457" /><testcase classname="backend.tests.test_iteration6.TestAdminTabsData" name="test_experiences_tab_data" time="0.458" /><testcase classname="backend.tests.test_iteration6.TestAdminTabsData" name="test_rentals_tab_data" time="0.355" /><testcase classname="backend.tests.test_iteration6.TestAdminTabsData" name="test_map_info_tab_data" time="0.466" /><testcase classname="backend.tests.test_iteration6.TestAdminTabsData" name="test_guest_bookings_tab_data" time="1.252" /><testcase classname="backend.tests.test_iteration6.TestGuestLinkCreation" name="test_create_guest_link_end_to_end" time="2.750" /></testsuite></testsuites>